INFO:root:printing the predict parsing table...
 +--------+-------+-------+-------+-------+-------+-------+-------+-------+-------+
| STATUS |  A:$  |  A:)  |  A:(  |  A:+  |  A:*  |  A:i  |  G:E  |  G:T  |  G:F  |
+--------+-------+-------+-------+-------+-------+-------+-------+-------+-------+
| 0      | empty | empty |   s2  | empty | empty |   s1  |   s3  |   s4  |   s5  |
| 1      |   r6  | empty | empty |   r6  |   r6  | empty | empty | empty | empty |
| 2      | empty | empty |   s7  | empty | empty |   s6  |   s8  |   s9  |  s10  |
| 3      |   r0  | empty | empty |  s11  | empty | empty | empty | empty | empty |
| 4      |   r2  | empty | empty |   r2  |  s12  | empty | empty | empty | empty |
| 5      |   r4  | empty | empty |   r4  |   r4  | empty | empty | empty | empty |
| 6      | empty |   r6  | empty |   r6  |   r6  | empty | empty | empty | empty |
| 7      | empty | empty |   s7  | empty | empty |   s6  |  s13  |   s9  |  s10  |
| 8      | empty |  s14  | empty |  s15  | empty | empty | empty | empty | empty |
| 9      | empty |   r2  | empty |   r2  |  s16  | empty | empty | empty | empty |
| 10     | empty |   r4  | empty |   r4  |   r4  | empty | empty | empty | empty |
| 11     | empty | empty |   s2  | empty | empty |   s1  | empty |  s17  |   s5  |
| 12     | empty | empty |   s2  | empty | empty |   s1  | empty | empty |  s18  |
| 13     | empty |  s19  | empty |  s15  | empty | empty | empty | empty | empty |
| 14     |   r5  | empty | empty |   r5  |   r5  | empty | empty | empty | empty |
| 15     | empty | empty |   s7  | empty | empty |   s6  | empty |  s20  |  s10  |
| 16     | empty | empty |   s7  | empty | empty |   s6  | empty | empty |  s21  |
| 17     |   r1  | empty | empty |   r1  |  s12  | empty | empty | empty | empty |
| 18     |   r3  | empty | empty |   r3  |   r3  | empty | empty | empty | empty |
| 19     | empty |   r5  | empty |   r5  |   r5  | empty | empty | empty | empty |
| 20     | empty |   r1  | empty |   r1  |  s16  | empty | empty | empty | empty |
| 21     | empty |   r3  | empty |   r3  |   r3  | empty | empty | empty | empty |
+--------+-------+-------+-------+-------+-------+-------+-------+-------+-------+
INFO:root:printing the definited status list...

INFO:root:--------------------------------
INFO:root:|status I0:                    |
INFO:root:|       S->.E,set(['$'])       |
INFO:root:|   E->.E+T,set(['+', '$'])    |
INFO:root:|    E->.T,set(['+', '$'])     |
INFO:root:| T->.T*F,set(['+', '*', '$']) |
INFO:root:|  T->.F,set(['+', '*', '$'])  |
INFO:root:| F->.(E),set(['$', '+', '*']) |
INFO:root:|  F->.i,set(['$', '+', '*'])  |
INFO:root:--------------------------------
INFO:root:  
INFO:root:--------------------------------
INFO:root:|status I1:                    |
INFO:root:|  F->i,set(['+', '*', '$'])   |
INFO:root:--------------------------------
INFO:root:  
INFO:root:--------------------------------
INFO:root:|status I2:                    |
INFO:root:| F->(.E),set(['+', '*', '$']) |
INFO:root:|   E->.E+T,set([')', '+'])    |
INFO:root:|    E->.T,set([')', '+'])     |
INFO:root:| T->.T*F,set([')', '+', '*']) |
INFO:root:|  T->.F,set([')', '+', '*'])  |
INFO:root:| F->.(E),set([')', '+', '*']) |
INFO:root:|  F->.i,set([')', '+', '*'])  |
INFO:root:--------------------------------
INFO:root:  
INFO:root:--------------------------------
INFO:root:|status I3:                    |
INFO:root:|       S->E,set(['$'])        |
INFO:root:|   E->E.+T,set(['+', '$'])    |
INFO:root:--------------------------------
INFO:root:  
INFO:root:--------------------------------
INFO:root:|status I4:                    |
INFO:root:|     E->T,set(['+', '$'])     |
INFO:root:| T->T.*F,set(['+', '*', '$']) |
INFO:root:--------------------------------
INFO:root:  
INFO:root:--------------------------------
INFO:root:|status I5:                    |
INFO:root:|  T->F,set(['+', '*', '$'])   |
INFO:root:--------------------------------
INFO:root:  
INFO:root:--------------------------------
INFO:root:|status I6:                    |
INFO:root:|  F->i,set([')', '+', '*'])   |
INFO:root:--------------------------------
INFO:root:  
INFO:root:--------------------------------
INFO:root:|status I7:                    |
INFO:root:| F->(.E),set([')', '+', '*']) |
INFO:root:|   E->.E+T,set([')', '+'])    |
INFO:root:|    E->.T,set([')', '+'])     |
INFO:root:| T->.T*F,set([')', '+', '*']) |
INFO:root:|  T->.F,set([')', '+', '*'])  |
INFO:root:| F->.(E),set([')', '+', '*']) |
INFO:root:|  F->.i,set([')', '+', '*'])  |
INFO:root:--------------------------------
INFO:root:  
INFO:root:--------------------------------
INFO:root:|status I8:                    |
INFO:root:| F->(E.),set(['+', '*', '$']) |
INFO:root:|   E->E.+T,set([')', '+'])    |
INFO:root:--------------------------------
INFO:root:  
INFO:root:--------------------------------
INFO:root:|status I9:                    |
INFO:root:|     E->T,set([')', '+'])     |
INFO:root:| T->T.*F,set([')', '+', '*']) |
INFO:root:--------------------------------
INFO:root:  
INFO:root:--------------------------------
INFO:root:|status I10:                   |
INFO:root:|  T->F,set([')', '+', '*'])   |
INFO:root:--------------------------------
INFO:root:  
INFO:root:--------------------------------
INFO:root:|status I11:                   |
INFO:root:|   E->E+.T,set(['+', '$'])    |
INFO:root:| T->.T*F,set(['+', '*', '$']) |
INFO:root:|  T->.F,set(['+', '*', '$'])  |
INFO:root:| F->.(E),set(['$', '+', '*']) |
INFO:root:|  F->.i,set(['$', '+', '*'])  |
INFO:root:--------------------------------
INFO:root:  
INFO:root:--------------------------------
INFO:root:|status I12:                   |
INFO:root:| T->T*.F,set(['+', '*', '$']) |
INFO:root:| F->.(E),set(['$', '+', '*']) |
INFO:root:|  F->.i,set(['$', '+', '*'])  |
INFO:root:--------------------------------
INFO:root:  
INFO:root:--------------------------------
INFO:root:|status I13:                   |
INFO:root:| F->(E.),set([')', '+', '*']) |
INFO:root:|   E->E.+T,set([')', '+'])    |
INFO:root:--------------------------------
INFO:root:  
INFO:root:--------------------------------
INFO:root:|status I14:                   |
INFO:root:| F->(E),set(['+', '*', '$'])  |
INFO:root:--------------------------------
INFO:root:  
INFO:root:--------------------------------
INFO:root:|status I15:                   |
INFO:root:|   E->E+.T,set([')', '+'])    |
INFO:root:| T->.T*F,set([')', '+', '*']) |
INFO:root:|  T->.F,set([')', '+', '*'])  |
INFO:root:| F->.(E),set([')', '+', '*']) |
INFO:root:|  F->.i,set([')', '+', '*'])  |
INFO:root:--------------------------------
INFO:root:  
INFO:root:--------------------------------
INFO:root:|status I16:                   |
INFO:root:| T->T*.F,set([')', '+', '*']) |
INFO:root:| F->.(E),set([')', '+', '*']) |
INFO:root:|  F->.i,set([')', '+', '*'])  |
INFO:root:--------------------------------
INFO:root:  
INFO:root:--------------------------------
INFO:root:|status I17:                   |
INFO:root:|    E->E+T,set(['+', '$'])    |
INFO:root:| T->T.*F,set(['+', '*', '$']) |
INFO:root:--------------------------------
INFO:root:  
INFO:root:--------------------------------
INFO:root:|status I18:                   |
INFO:root:| T->T*F,set(['+', '*', '$'])  |
INFO:root:--------------------------------
INFO:root:  
INFO:root:--------------------------------
INFO:root:|status I19:                   |
INFO:root:| F->(E),set([')', '+', '*'])  |
INFO:root:--------------------------------
INFO:root:  
INFO:root:--------------------------------
INFO:root:|status I20:                   |
INFO:root:|    E->E+T,set([')', '+'])    |
INFO:root:| T->T.*F,set([')', '+', '*']) |
INFO:root:--------------------------------
INFO:root:  
INFO:root:--------------------------------
INFO:root:|status I21:                   |
INFO:root:| T->T*F,set([')', '+', '*'])  |
INFO:root:--------------------------------
INFO:root:  
INFO:root:printing the parsing step...
+----+----------------+----------------------+--------------------------------+------------------------------+
| id |  status stack  |     token stack      |             input              |            action            |
+----+----------------+----------------------+--------------------------------+------------------------------+
| 0  |      [0]       |        ['$']         | ['i', '*', 'i', '+', 'i', '$'] |          shift to:1          |
| 1  |     [0, 1]     |      ['$', 'i']      |   ['*', 'i', '+', 'i', '$']    |  regression production:F->i  |
| 2  |     [0, 5]     |      ['$', 'F']      |   ['*', 'i', '+', 'i', '$']    |  regression production:T->F  |
| 3  |     [0, 4]     |      ['$', 'T']      |   ['*', 'i', '+', 'i', '$']    |         shift to:12          |
| 4  |   [0, 4, 12]   |   ['$', 'T', '*']    |      ['i', '+', 'i', '$']      |          shift to:1          |
| 5  | [0, 4, 12, 1]  | ['$', 'T', '*', 'i'] |        ['+', 'i', '$']         |  regression production:F->i  |
| 6  | [0, 4, 12, 18] | ['$', 'T', '*', 'F'] |        ['+', 'i', '$']         | regression production:T->T*F |
| 7  |     [0, 4]     |      ['$', 'T']      |        ['+', 'i', '$']         |  regression production:E->T  |
| 8  |     [0, 3]     |      ['$', 'E']      |        ['+', 'i', '$']         |         shift to:11          |
| 9  |   [0, 3, 11]   |   ['$', 'E', '+']    |           ['i', '$']           |          shift to:1          |
| 10 | [0, 3, 11, 1]  | ['$', 'E', '+', 'i'] |             ['$']              |  regression production:F->i  |
| 11 | [0, 3, 11, 5]  | ['$', 'E', '+', 'F'] |             ['$']              |  regression production:T->F  |
| 12 | [0, 3, 11, 17] | ['$', 'E', '+', 'T'] |             ['$']              | regression production:E->E+T |
| 13 |     [0, 3]     |      ['$', 'E']      |             ['$']              |            accept            |
+----+----------------+----------------------+--------------------------------+------------------------------+
